<?xml version="1.0" encoding="UTF-8"?>
<testng-results ignored="0" total="1" passed="1" failed="0" skipped="0">
  <reporter-output>
  </reporter-output>
  <suite started-at="2023-03-21T13:16:45 IST" name="Default suite" finished-at="2023-03-21T13:16:46 IST" duration-ms="34">
    <groups>
    </groups>
    <test started-at="2023-03-21T13:16:45 IST" name="Default test" finished-at="2023-03-21T13:16:46 IST" duration-ms="34">
      <class name="practice.Practice">
        <test-method signature="sample()[pri:0, instance:practice.Practice@19d481b]" started-at="2023-03-21T13:16:46 IST" name="sample" finished-at="2023-03-21T13:16:46 IST" duration-ms="8" status="PASS">
          <reporter-output>
          </reporter-output>
        </test-method> <!-- sample -->
      </class> <!-- practice.Practice -->
    </test> <!-- Default test -->
  </suite> <!-- Default suite -->
</testng-results>
